<?xml version="1.0" encoding="UTF-8"?>
<!-- Generated by org.testng.reporters.JUnitReportReporter -->
<testsuite skipped="0" hostname="DESKTOP-JIF9KL8" name="com.project.TC_003" tests="1" failures="0" timestamp="2020-11-15T12:00:16 IST" time="3.924" errors="0">
  <testcase name="amazon" time="3.924" classname="com.project.TC_003"/>
  <system-out/>
</testsuite> <!-- com.project.TC_003 -->
